1602523825795	geckodriver	INFO	Listening on 127.0.0.1:61989
1602523828938	mozrunner::runner	INFO	Running command: "C:\\Program Files\\Mozilla Firefox\\firefox.exe" "--marionette" "-foreground" "-no-remote" "-profile" "C:\\WINDOWS\\TEMP\\rust_mozprofileurFKJ7"
JavaScript error: resource://gre/modules/XULStore.jsm, line 66: Error: Can't find profile directory.
console.error: SearchCache: "_readCacheFile: Error reading cache file:" (new Error("", "(unknown module)"))
console.error: "Could not write session state file " (new Error("_initWorker called too early! Please read the session file from disk first.", "resource:///modules/sessionstore/SessionFile.jsm", 375)) "_initWorker/<@resource:///modules/sessionstore/SessionFile.jsm:375:15\n_initWorker@resource:///modules/sessionstore/SessionFile.jsm:368:12\n_postToWorker@resource:///modules/sessionstore/SessionFile.jsm:410:16\nwrite@resource:///modules/sessionstore/SessionFile.jsm:448:24\nwrite@resource:///modules/sessionstore/SessionFile.jsm:75:32\n_writeState@resource:///modules/sessionstore/SessionSaver.jsm:360:24\n_saveState@resource:///modules/sessionstore/SessionSaver.jsm:294:17\n_saveStateAsync@resource:///modules/sessionstore/SessionSaver.jsm:344:10\nsaveStateAsyncWhenIdle@resource:///modules/sessionstore/SessionSaver.jsm:191:14\ncallback@resource://gre/modules/Timer.jsm:127:16\n"
JavaScript error: resource:///modules/BrowserGlue.jsm, line 3771: TypeError: win is null
JavaScript error: resource://gre/modules/UrlClassifierListManager.jsm, line 691: TypeError: this.tablesData[table] is undefined
1602523880606	Marionette	INFO	Listening on port 61999
[Parent 31028, Gecko_IOThread] WARNING: file /builds/worker/checkouts/gecko/ipc/chromium/src/base/process_util_win.cc, line 166
console.error: (new Error("Connection closed before committing the transaction.", "resource://gre/modules/Sqlite.jsm", 688))
1602523882890	Marionette	INFO	Stopped listening on port 61999

###!!! [Child][RunMessage] Error: Channel closing: too late to send/recv, messages will be lost


###!!! [Child][MessageChannel::SendAndWait] Error: Channel error: cannot send/recv

1602524068956	geckodriver	INFO	Listening on 127.0.0.1:62092
1602524072022	mozrunner::runner	INFO	Running command: "C:\\Program Files\\Mozilla Firefox\\firefox.exe" "--marionette" "-foreground" "-no-remote" "-profile" "C:\\WINDOWS\\TEMP\\rust_mozprofileMOKXRw"
JavaScript error: resource://gre/modules/XULStore.jsm, line 66: Error: Can't find profile directory.
console.error: SearchCache: "_readCacheFile: Error reading cache file:" (new Error("", "(unknown module)"))
1602524077943	Marionette	INFO	Listening on port 62102
1602524078246	Marionette	WARN	TLS certificate errors will be ignored for this session
Can't find symbol 'eglSwapBuffersWithDamageEXT'.
1602524115463	Marionette	WARN	TimedPromise timed out after 500 ms: stacktrace:
TimedPromise/<@chrome://marionette/content/sync.js:245:13
TimedPromise@chrome://marionette/content/sync.js:230:10
interaction.flushEventLoop@chrome://marionette/content/interaction.js:416:10
webdriverClickElement@chrome://marionette/content/interaction.js:182:31
1602524116661	Marionette	WARN	TimedPromise timed out after 500 ms: stacktrace:
TimedPromise/<@chrome://marionette/content/sync.js:245:13
TimedPromise@chrome://marionette/content/sync.js:230:10
interaction.flushEventLoop@chrome://marionette/content/interaction.js:416:10
webdriverClickElement@chrome://marionette/content/interaction.js:182:31
JavaScript error: https://cdn.doubleverify.com/dv-measurements361.js, line 72: TypeError: h.c.K() is undefined
JavaScript error: https://cdn.doubleverify.com/dv-measurements361.js, line 72: TypeError: h.c.K() is undefined
JavaScript error: https://www.gstatic.com/mysidia/151de576f759e6cd6a3a08d0a1a86702.js?tag=video_mra/web_fig_och, line 177: SecurityError: The operation is insecure.
1602524704755	Marionette	INFO	Stopped listening on port 62102
2524289589	mozrunner::runner	INFO	Running command: "C:\\Program Files\\Mozilla Firefox\\firefox.exe" "--marionette" "-foreground" "-no-remote" "-profile" "C:\\WINDOWS\\TEMP\\rust_mozprofileE18gBe"
JavaScript error: resource://gre/modules/XULStore.jsm, line 66: Error: Can't find profile directory.
console.error: SearchCache: "_readCacheFile: Error reading cache file:" (new Error("", "(unknown module)"))
1602524298098	Marionette	INFO	Listening on port 62437
1602524298601	Marionette	WARN	TLS certificate errors will be ignored for this session
Can't find symbol 'eglSwapBuffersWithDamageEXT'.
console.error: services.settings: 
  Message: TypeError: NetworkError when attempting to fetch resource.
console.warn: services.settings: main/fxmonitor-breaches sync interrupted by shutdown
console.warn: services.settings: main/pioneer-study-addons-v1 sync interrupted by shutdown
console.warn: services.settings: main/message-groups sync interrupted by shutdown
console.warn: services.settings: main/search-default-override-allowlist sync interrupted by shutdown
console.warn: services.settings: main/url-classifier-skip-urls sync interrupted by shutdown
console.warn: services.settings: blocklists/plugins sync interrupted by shutdown
console.warn: services.settings: main/partitioning-exempt-urls sync interrupted by shutdown
console.warn: services.settings: main/cfr-fxa sync interrupted by shutdown
console.warn: services.settings: main/public-suffix-list sync interrupted by shutdown
console.warn: services.settings: main/hijack-blocklists sync interrupted by shutdown
console.warn: services.settings: main/language-dictionaries sync interrupted by shutdown
console.warn: services.settings: main/anti-tracking-url-decoration sync interrupted by shutdown
console.warn: services.settings: main/sites-classification sync interrupted by shutdown
console.warn: services.settings: pinning/pins sync interrupted by shutdown
console.warn: services.settings: blocklists/gfx sync interrupted by shutdown
[Parent 40504, Gecko_IOThread] WARNING: file /builds/worker/checkouts/gecko/ipc/chromium/src/base/process_util_win.cc, line 166
1602524701632	Marionette	INFO	Stopped listening on port 62437

###!!! [Parent][RunMessage] Error: Channel closing: too late to send/recv, messages will be lost


###!!! [Parent][RunMessage] Error: Channel closing: too late to send/recv, messages will be lost


###!!! [Parent][RunMessage] Error: Channel closing: too late to send/recv, messages will be lost


###!!! [Parent][RunMessage] Error: Channel closing: too late to send/recv, messages will be lost

cess property "document" on cross-origin object
JavaScript error: https://www.investopedia.com/top-energy-stocks-4582081, line 11: SecurityError: Permission denied to access property "document" on cross-origin object
JavaScript error: https://cdn.doubleverify.com/dv-measurements361.js, line 72: TypeError: h.c.K() is undefined
JavaScript error: https://cdn.doubleverify.com/dv-measurements361.js, line 72: TypeError: h.c.K() is undefined
[Parent 24972, Gecko_IOThread] WARNING: file /builds/worker/checkouts/gecko/ipc/chromium/src/base/process_util_win.cc, line 166
1602524701631	Marionette	INFO	Stopped listening on port 62778

###!!! [Child][RunMessage] Error: Channel closing: too late to send/recv, messages will be lost


###!!! [Parent][RunMessage] Error: Channel closing: too late to send/recv, messages will be lost


###!!! [Parent][RunMessage] Error: Channel closing: too late to send/recv, messages will be lost


###!!! [Parent][RunMessage] Error: Channel closing: too late to send/recv, messages will be lost


###!!! [Parent][RunMessage] Error: Channel closing: too late to send/recv, messages will be lost

1602524712542	geckodriver	INFO	Listening on 127.0.0.1:63191
1602524715452	mozrunner::runner	INFO	Running command: "C:\\Program Files\\Mozilla Firefox\\firefox.exe" "--marionette" "-foreground" "-no-remote" "-profile" "C:\\WINDOWS\\TEMP\\rust_mozprofile1jMiJJ"
console.error: SearchCache: "_readCacheFile: Error reading cache file:" (new Error("", "(unknown module)"))
JavaScript error: resource://gre/modules/XULStore.jsm, line 66: Error: Can't find profile directory.
console.error: "Could not write session state file " (new Error("_initWorker called too early! Please read the session file from disk first.", "resource:///modules/sessionstore/SessionFile.jsm", 375)) "_initWorker/<@resource:///modules/sessionstore/SessionFile.jsm:375:15\n_initWorker@resource:///modules/sessionstore/SessionFile.jsm:368:12\n_postToWorker@resource:///modules/sessionstore/SessionFile.jsm:410:16\nwrite@resource:///modules/sessionstore/SessionFile.jsm:448:24\nwrite@resource:///modules/sessionstore/SessionFile.jsm:75:32\n_writeState@resource:///modules/sessionstore/SessionSaver.jsm:360:24\n_saveState@resource:///modules/sessionstore/SessionSaver.jsm:294:17\n_saveStateAsync@resource:///modules/sessionstore/SessionSaver.jsm:344:10\nsaveStateAsyncWhenIdle@resource:///modules/sessionstore/SessionSaver.jsm:191:14\ncallback@resource://gre/modules/Timer.jsm:127:16\n"
1602524736068	Marionette	INFO	Listening on port 63200
1602524736209	Marionette	WARN	TLS certificate errors will be ignored for this session
Can't find symbol 'eglSwapBuffersWithDamageEXT'.
JavaScript error: https://tpc.googlesyndication.com/pagead/js/r20201007/r20110914/client/qs_click_protection_fy2019.js, line 14: NS_ERROR_NOT_INITIALIZED: 
[Parent 8808, Gecko_IOThread] WARNING: file /builds/worker/checkouts/gecko/ipc/chromium/src/base/process_util_win.cc, line 166
1602525377368	Marionette	INFO	Stopped listening on port 63200

###!!! [Child][MessageChannel::SendAndWait] Error: Channel error: cannot send/recv

JavaScript error: resource:///modules/sessionstore/SessionStore.jsm, line 5324: NS_ERROR_UNEXPECTED: Component returned failure code: 0x8000ffff (NS_ERROR_UNEXPECTED) [nsIWindowMediator.getEnumerator]
970	Marionette	INFO	Listening on port 63542
1602525003023	Marionette	WARN	TLS certificate errors will be ignored for this session
Can't find symbol 'eglSwapBuffersWithDamageEXT'.
[Parent 12964, Gecko_IOThread] WARNING: file /builds/worker/checkouts/gecko/ipc/chromium/src/base/process_util_win.cc, line 166
1602525378727	Marionette	INFO	Stopped listening on port 63542

###!!! [Child][RunMessage] Error: Channel closing: too late to send/recv, messages will be lost


###!!! [Child][MessageChannel::SendAndWait] Error: Channel error: cannot send/recv

rror: resource://gre/modules/XULStore.jsm, line 66: Error: Can't find profile directory.
console.error: "Could not write session state file " (new Error("_initWorker called too early! Please read the session file from disk first.", "resource:///modules/sessionstore/SessionFile.jsm", 375)) "_initWorker/<@resource:///modules/sessionstore/SessionFile.jsm:375:15\n_initWorker@resource:///modules/sessionstore/SessionFile.jsm:368:12\n_postToWorker@resource:///modules/sessionstore/SessionFile.jsm:410:16\nwrite@resource:///modules/sessionstore/SessionFile.jsm:448:24\nwrite@resource:///modules/sessionstore/SessionFile.jsm:75:32\n_writeState@resource:///modules/sessionstore/SessionSaver.jsm:360:24\n_saveState@resource:///modules/sessionstore/SessionSaver.jsm:294:17\n_saveStateAsync@resource:///modules/sessionstore/SessionSaver.jsm:344:10\nsaveStateAsyncWhenIdle@resource:///modules/sessionstore/SessionSaver.jsm:191:14\ncallback@resource://gre/modules/Timer.jsm:127:16\n"
1602525150337	Marionette	INFO	Listening on port 63799
1602525150497	Marionette	WARN	TLS certificate errors will be ignored for this session
Can't find symbol 'eglSwapBuffersWithDamageEXT'.
[Parent 5452, Gecko_IOThread] WARNING: file /builds/worker/checkouts/gecko/ipc/chromium/src/base/process_util_win.cc, line 166
1602525377132	Marionette	INFO	Stopped listening on port 63799

###!!! [Child][RunMessage] Error: Channel closing: too late to send/recv, messages will be lost


###!!! [Child][MessageChannel::SendAndWait] Error: Channel error: cannot send/recv

1602525582156	geckodriver	INFO	Listening on 127.0.0.1:64168
1602525584993	mozrunner::runner	INFO	Running command: "C:\\Program Files\\Mozilla Firefox\\firefox.exe" "--marionette" "-foreground" "-no-remote" "-profile" "C:\\WINDOWS\\TEMP\\rust_mozprofileThl0ZF"
JavaScript error: resource://gre/modules/XULStore.jsm, line 66: Error: Can't find profile directory.
console.error: SearchCache: "_readCacheFile: Error reading cache file:" (new Error("", "(unknown module)"))
1602525601662	Marionette	INFO	Listening on port 64178
1602525601797	Marionette	WARN	TLS certificate errors will be ignored for this session
Can't find symbol 'eglSwapBuffersWithDamageEXT'.
JavaScript error: https://tpc.googlesyndication.com/pagead/js/r20201007/r20110914/client/qs_click_protection_fy2019.js, line 14: NS_ERROR_NOT_INITIALIZED: 
JavaScript error: https://cdn.doubleverify.com/dv-measurements361.js, line 72: TypeError: h.c.K() is undefined
JavaScript error: https://cdn.doubleverify.com/dv-measurements361.js, line 72: TypeError: h.c.K() is undefined
1602527474771	Marionette	INFO	Stopped listening on port 64178

###!!! [Child][MessageChannel::SendAndWait] Error: (msgtype=0x5E0005,name=PImageBridge::Msg_WillClose) Channel error: cannot send/recv

1602527609935	geckodriver	INFO	Listening on 127.0.0.1:64682
1602527612852	mozrunner::runner	INFO	Running command: "C:\\Program Files\\Mozilla Firefox\\firefox.exe" "--marionette" "-foreground" "-no-remote" "-profile" "C:\\WINDOWS\\TEMP\\rust_mozprofileRmhplL"
JavaScript error: resource://gre/modules/XULStore.jsm, line 66: Error: Can't find profile directory.
console.error: SearchCache: "_readCacheFile: Error reading cache file:" (new Error("", "(unknown module)"))
1602527627693	Marionette	INFO	Listening on port 64692
1602527628157	Marionette	WARN	TLS certificate errors will be ignored for this session
Can't find symbol 'eglSwapBuffersWithDamageEXT'.
JavaScript error: https://tpc.googlesyndication.com/pagead/js/r20201007/r20110914/client/qs_click_protection_fy2019.js, line 14: NS_ERROR_NOT_INITIALIZED: 
JavaScript error: https://www.gstatic.com/mysidia/151de576f759e6cd6a3a08d0a1a86702.js?tag=video_mra/web_fig_och, line 177: SecurityError: The operation is insecure.
SourceActor threw an exception: [Exception... "Component returned failure code: 0x80470002 (NS_BASE_STREAM_CLOSED) [nsIInputStream.available]"  nsresult: "0x80470002 (NS_BASE_STREAM_CLOSED)"  location: "JS frame :: resource://devtools/shared/DevToolsUtils.js :: onResponse :: line 560"  data: no]
Stack: onResponse@resource://devtools/shared/DevToolsUtils.js:560:34
onStopRequest@resource://gre/modules/NetUtil.jsm:128:18
Line: 560, column: 0
console.error: ({})
JavaScript error: resource://devtools/shared/DevToolsUtils.js, line 560: NS_BASE_STREAM_CLOSED: Component returned failure code: 0x80470002 (NS_BASE_STREAM_CLOSED) [nsIInputStream.available]
JavaScript error: resource://gre/actors/BrowserElementParent.jsm, line 180: Error: permitUnload is already running for this tab.
console.error: (new Error("SessionFile is closed", "resource:///modules/sessionstore/SessionFile.jsm", 433))
[Parent 33468, Gecko_IOThread] WARNING: pipe error: 232: file /builds/worker/checkouts/gecko/ipc/chromium/src/chrome/common/ipc_channel_win.cc, line 545
A content process crashed and MOZ_CRASHREPORTER_SHUTDOWN is set, shutting down

###!!! [Parent][MessageChannel] Error: (msgtype=0xAC0001,name=PVsync::Msg_Notify) Channel error: cannot send/recv


###!!! [Parent][MessageChannel] Error: (msgtype=0xAC0001,name=PVsync::Msg_Notify) Channel error: cannot send/recv


###!!! [Parent][MessageChannel] Error: (msgtype=0xAC0001,name=PVsync::Msg_Notify) Channel error: cannot send/recv


###!!! [Parent][MessageChannel] Error: (msgtype=0xAC0001,name=PVsync::Msg_Notify) Channel error: cannot send/recv


###!!! [Parent][MessageChannel] Error: (msgtype=0xAC0001,name=PVsync::Msg_Notify) Channel error: cannot send/recv


###!!! [Parent][MessageChannel] Error: (msgtype=0xAC0001,name=PVsync::Msg_Notify) Channel error: cannot send/recv


###!!! [Parent][MessageChannel] Error: (msgtype=0xAC0001,name=PVsync::Msg_Notify) Channel error: cannot send/recv


###!!! [Parent][MessageChannel] Error: (msgtype=0xAC0001,name=PVsync::Msg_Notify) Channel error: cannot send/recv


###!!! [Parent][MessageChannel] Error: (msgtype=0xAC0001,name=PVsync::Msg_Notify) Channel error: cannot send/recv


###!!! [Parent][MessageChannel] Error: (msgtype=0xAC0001,name=PVsync::Msg_Notify) Channel error: cannot send/recv


###!!! [Parent][MessageChannel] Error: (msgtype=0xAC0001,name=PVsync::Msg_Notify) Channel error: cannot send/recv


###!!! [Parent][MessageChannel] Error: (msgtype=0xAC0001,name=PVsync::Msg_Notify) Channel error: cannot send/recv


###!!! [Parent][MessageChannel] Error: (msgtype=0xAC0001,name=PVsync::Msg_Notify) Channel error: cannot send/recv


###!!! [Parent][MessageChannel] Error: (msgtype=0xAC0001,name=PVsync::Msg_Notify) Channel error: cannot send/recv


###!!! [Parent][MessageChannel] Error: (msgtype=0xAC0001,name=PVsync::Msg_Notify) Channel error: cannot send/recv

JavaScript error: resource:///modules/sessionstore/SessionStore.jsm, line 2262: TypeError: subject.QueryInterface is not a function
A content process crashed and MOZ_CRASHREPORTER_SHUTDOWN is set, shutting down
1602551556891	Marionette	INFO	Stopped listening on port 64692
e://gre/actors/BrowserElementParent.jsm, line 180: Error: permitUnload is already running for this tab.
JavaScript error: resource:///modules/sessionstore/SessionStore.jsm, line 2262: TypeError: subject.QueryInterface is not a function
A content process crashed and MOZ_CRASHREPORTER_SHUTDOWN is set, shutting down
console.error: (new Error("SessionFile is closed", "resource:///modules/sessionstore/SessionFile.jsm", 433))
1602551557410	Marionette	INFO	Stopped listening on port 65040
rt 65353
1602528492969	Marionette	WARN	TLS certificate errors will be ignored for this session
Can't find symbol 'eglSwapBuffersWithDamageEXT'.
JavaScript error: resource://gre/actors/BrowserElementParent.jsm, line 180: Error: permitUnload is already running for this tab.
JavaScript error: resource://gre/actors/BrowserElementParent.jsm, line 180: Error: permitUnload is already running for this tab.
JavaScript error: resource://gre/actors/BrowserElementParent.jsm, line 180: Error: permitUnload is already running for this tab.
JavaScript error: resource://gre/actors/BrowserElementParent.jsm, line 180: Error: permitUnload is already running for this tab.
JavaScript error: resource://gre/actors/BrowserElementParent.jsm, line 180: Error: permitUnload is already running for this tab.
JavaScript error: resource:///modules/sessionstore/SessionStore.jsm, line 2262: TypeError: subject.QueryInterface is not a function
A content process crashed and MOZ_CRASHREPORTER_SHUTDOWN is set, shutting down
console.error: (new Error("SessionFile is closed", "resource:///modules/sessionstore/SessionFile.jsm", 433))
1602551557124	Marionette	INFO	Stopped listening on port 65353
ickElement@chrome://marionette/content/interaction.js:182:31
JavaScript error: https://cdn.doubleverify.com/dv-measurements361.js, line 72: TypeError: h.c.K() is undefined
1602528930946	Marionette	INFO	Stopped listening on port 49311

###!!! [Child][RunMessage] Error: Channel closing: too late to send/recv, messages will be lost

1602551571064	geckodriver	INFO	Listening on 127.0.0.1:51671
1602551574667	mozrunner::runner	INFO	Running command: "C:\\Program Files\\Mozilla Firefox\\firefox.exe" "--marionette" "-foreground" "-no-remote" "-profile" "C:\\WINDOWS\\TEMP\\rust_mozprofile2Sp71Z"
JavaScript error: resource://gre/modules/XULStore.jsm, line 66: Error: Can't find profile directory.
console.error: SearchCache: "_readCacheFile: Error reading cache file:" (new Error("", "(unknown module)"))
1602551627349	Marionette	INFO	Listening on port 51716
1602551628130	Marionette	WARN	TLS certificate errors will be ignored for this session
Can't find symbol 'eglSwapBuffersWithDamageEXT'.
JavaScript error: https://tpc.googlesyndication.com/pagead/js/r20201008/r20110914/client/qs_click_protection_fy2019.js, line 14: NS_ERROR_NOT_INITIALIZED: 
IPDL protocol error: Handler returned error code!

###!!! [Parent][DispatchAsyncMessage] Error: PLayerTransaction::Msg_ReleaseLayer Processing error: message was deserialized, but the handler returned false (indicating failure)

IPDL protocol error: Handler returned error code!

###!!! [Parent][DispatchAsyncMessage] Error: PLayerTransaction::Msg_ReleaseLayer Processing error: message was deserialized, but the handler returned false (indicating failure)

IPDL protocol error: Handler returned error code!

###!!! [Parent][DispatchAsyncMessage] Error: PLayerTransaction::Msg_ReleaseLayer Processing error: message was deserialized, but the handler returned false (indicating failure)

IPDL protocol error: Handler returned error code!

###!!! [Parent][DispatchAsyncMessage] Error: PLayerTransaction::Msg_ReleaseLayer Processing error: message was deserialized, but the handler returned false (indicating failure)

IPDL protocol error: Handler returned error code!

###!!! [Parent][DispatchAsyncMessage] Error: PLayerTransaction::Msg_ReleaseLayer Processing error: message was deserialized, but the handler returned false (indicating failure)

IPDL protocol error: Handler returned error code!

###!!! [Parent][DispatchAsyncMessage] Error: PLayerTransaction::Msg_ReleaseLayer Processing error: message was deserialized, but the handler returned false (indicating failure)

1602551904731	Marionette	INFO	Stopped listening on port 51716

###!!! [Child][RunMessage] Error: Channel closing: too late to send/recv, messages will be lost


###!!! [Child][MessageChannel::SendAndWait] Error: Channel error: cannot send/recv

1602551918610	geckodriver	INFO	Listening on 127.0.0.1:52554
1602551921730	mozrunner::runner	INFO	Running command: "C:\\Program Files\\Mozilla Firefox\\firefox.exe" "--marionette" "-foreground" "-no-remote" "-profile" "C:\\WINDOWS\\TEMP\\rust_mozprofilenUrYRY"
JavaScript error: resource://gre/modules/XULStore.jsm, line 66: Error: Can't find profile directory.
console.error: SearchCache: "_readCacheFile: Error reading cache file:" (new Error("", "(unknown module)"))
1602551933087	Marionette	INFO	Listening on port 52564
1602551933486	Marionette	WARN	TLS certificate errors will be ignored for this session
JavaScript error: https://www.investopedia.com/top-industrial-stocks-4582171, line 11: SecurityError: Permission denied to access property "document" on cross-origin object
JavaScript error: https://www.investopedia.com/top-industrial-stocks-4582171, line 11: SecurityError: Permission denied to access property "document" on cross-origin object
JavaScript error: https://www.investopedia.com/top-materials-stocks-4582152, line 11: SecurityError: Permission denied to access property "document" on cross-origin object
JavaScript error: https://www.investopedia.com/top-materials-stocks-4582152, line 11: SecurityError: Permission denied to access property "document" on cross-origin object
JavaScript error: https://cdn.doubleverify.com/dv-measurements361.js, line 72: TypeError: h.c.K() is undefined
JavaScript error: resource://devtools/client/jsonview/Sniffer.jsm, line 56: NS_ERROR_NOT_AVAILABLE: Component returned failure code: 0x80040111 (NS_ERROR_NOT_AVAILABLE) [nsIChannel.contentType]
JavaScript error: https://tpc.googlesyndication.com/sodar/Enqz_20U.html, line 11: uncaught exception: 7
JavaScript error: https://tpc.googlesyndication.com/sodar/Enqz_20U.html, line 11: uncaught exception: 7
JavaScript error: https://www.gstatic.com/mysidia/73cae2ad2e9438ed62e655fefa4fd91a.js?tag=video_mra/web_fig_och, line 179: SecurityError: The operation is insecure.
Can't find symbol 'eglSwapBuffersWithDamageEXT'.
1602552071440	Marionette	INFO	Stopped listening on port 52564

###!!! [Child][MessageChannel::SendAndWait] Error: Channel error: cannot send/recv

1602552332717	geckodriver	INFO	Listening on 127.0.0.1:53233
1602552335735	mozrunner::runner	INFO	Running command: "C:\\Program Files\\Mozilla Firefox\\firefox.exe" "--marionette" "-foreground" "-no-remote" "-profile" "C:\\WINDOWS\\TEMP\\rust_mozprofilekWE8Ts"
JavaScript error: resource://gre/modules/XULStore.jsm, line 66: Error: Can't find profile directory.
console.error: SearchCache: "_readCacheFile: Error reading cache file:" (new Error("", "(unknown module)"))
1602552340513	Marionette	INFO	Listening on port 53247
1602552340958	Marionette	WARN	TLS certificate errors will be ignored for this session
Can't find symbol 'eglSwapBuffersWithDamageEXT'.
1602552419775	Marionette	INFO	Stopped listening on port 53247

###!!! [Child][RunMessage] Error: Channel closing: too late to send/recv, messages will be lost


###!!! [Child][MessageChannel::SendAndWait] Error: Channel error: cannot send/recv

1602552656189	geckodriver	INFO	Listening on 127.0.0.1:53709
1602552659426	mozrunner::runner	INFO	Running command: "C:\\Program Files\\Mozilla Firefox\\firefox.exe" "--marionette" "-foreground" "-no-remote" "-profile" "C:\\WINDOWS\\TEMP\\rust_mozprofile2kKBl6"
JavaScript error: resource://gre/modules/XULStore.jsm, line 66: Error: Can't find profile directory.
console.error: SearchCache: "_readCacheFile: Error reading cache file:" (new Error("", "(unknown module)"))
console.error: "Could not write session state file " (new Error("_initWorker called too early! Please read the session file from disk first.", "resource:///modules/sessionstore/SessionFile.jsm", 375)) "_initWorker/<@resource:///modules/sessionstore/SessionFile.jsm:375:15\n_initWorker@resource:///modules/sessionstore/SessionFile.jsm:368:12\n_postToWorker@resource:///modules/sessionstore/SessionFile.jsm:410:16\nwrite@resource:///modules/sessionstore/SessionFile.jsm:448:24\nwrite@resource:///modules/sessionstore/SessionFile.jsm:75:32\n_writeState@resource:///modules/sessionstore/SessionSaver.jsm:360:24\n_saveState@resource:///modules/sessionstore/SessionSaver.jsm:294:17\n_saveStateAsync@resource:///modules/sessionstore/SessionSaver.jsm:344:10\nsaveStateAsyncWhenIdle@resource:///modules/sessionstore/SessionSaver.jsm:191:14\ncallback@resource://gre/modules/Timer.jsm:127:16\n"
1602552666707	Marionette	INFO	Listening on port 53719
1602552666747	Marionette	WARN	TLS certificate errors will be ignored for this session
Can't find symbol 'eglSwapBuffersWithDamageEXT'.
SourceActor threw an exception: [Exception... "Component returned failure code: 0x80470002 (NS_BASE_STREAM_CLOSED) [nsIInputStream.available]"  nsresult: "0x80470002 (NS_BASE_STREAM_CLOSED)"  location: "JS frame :: resource://devtools/shared/DevToolsUtils.js :: onResponse :: line 560"  data: no]
Stack: onResponse@resource://devtools/shared/DevToolsUtils.js:560:34
onStopRequest@resource://gre/modules/NetUtil.jsm:128:18
Line: 560, column: 0
console.error: ({})
JavaScript error: resource://devtools/shared/DevToolsUtils.js, line 560: NS_BASE_STREAM_CLOSED: Component returned failure code: 0x80470002 (NS_BASE_STREAM_CLOSED) [nsIInputStream.available]
SourceActor threw an exception: [Exception... "Component returned failure code: 0x80470002 (NS_BASE_STREAM_CLOSED) [nsIInputStream.available]"  nsresult: "0x80470002 (NS_BASE_STREAM_CLOSED)"  location: "JS frame :: resource://devtools/shared/DevToolsUtils.js :: onResponse :: line 560"  data: no]
Stack: onResponse@resource://devtools/shared/DevToolsUtils.js:560:34
onStopRequest@resource://gre/modules/NetUtil.jsm:128:18
Line: 560, column: 0
console.error: ({})
SourceActor threw an exception: [Exception... "Component returned failure code: 0x80470002 (NS_BASE_STREAM_CLOSED) [nsIInputStream.available]"  nsresult: "0x80470002 (NS_BASE_STREAM_CLOSED)"  location: "JS frame :: resource://devtools/shared/DevToolsUtils.js :: onResponse :: line 560"  data: no]
Stack: onResponse@resource://devtools/shared/DevToolsUtils.js:560:34
onStopRequest@resource://gre/modules/NetUtil.jsm:128:18
Line: 560, column: 0
console.error: ({})
JavaScript error: resource://devtools/shared/DevToolsUtils.js, line 560: NS_BASE_STREAM_CLOSED: Component returned failure code: 0x80470002 (NS_BASE_STREAM_CLOSED) [nsIInputStream.available]
JavaScript error: resource://devtools/shared/DevToolsUtils.js, line 560: NS_BASE_STREAM_CLOSED: Component returned failure code: 0x80470002 (NS_BASE_STREAM_CLOSED) [nsIInputStream.available]
1602553020469	geckodriver	INFO	Listening on 127.0.0.1:54229
1602553023497	mozrunner::runner	INFO	Running command: "C:\\Program Files\\Mozilla Firefox\\firefox.exe" "--marionette" "-foreground" "-no-remote" "-profile" "C:\\WINDOWS\\TEMP\\rust_mozprofile1R9ClU"
JavaScript error: resource://gre/modules/XULStore.jsm, line 66: Error: Can't find profile directory.
console.error: SearchCache: "_readCacheFile: Error reading cache file:" (new Error("", "(unknown module)"))
console.error: "Could not write session state file " (new Error("_initWorker called too early! Please read the session file from disk first.", "resource:///modules/sessionstore/SessionFile.jsm", 375)) "_initWorker/<@resource:///modules/sessionstore/SessionFile.jsm:375:15\n_initWorker@resource:///modules/sessionstore/SessionFile.jsm:368:12\n_postToWorker@resource:///modules/sessionstore/SessionFile.jsm:410:16\nwrite@resource:///modules/sessionstore/SessionFile.jsm:448:24\nwrite@resource:///modules/sessionstore/SessionFile.jsm:75:32\n_writeState@resource:///modules/sessionstore/SessionSaver.jsm:360:24\n_saveState@resource:///modules/sessionstore/SessionSaver.jsm:294:17\n_saveStateAsync@resource:///modules/sessionstore/SessionSaver.jsm:344:10\nsaveStateAsyncWhenIdle@resource:///modules/sessionstore/SessionSaver.jsm:191:14\ncallback@resource://gre/modules/Timer.jsm:127:16\n"
1602553032001	Marionette	INFO	Listening on port 54239
1602553032436	Marionette	WARN	TLS certificate errors will be ignored for this session
Can't find symbol 'eglSwapBuffersWithDamageEXT'.
JavaScript error: , line 0: TypeError: NetworkError when attempting to fetch resource.
1602553064139	Marionette	WARN	TimedPromise timed out after 500 ms: stacktrace:
TimedPromise/<@chrome://marionette/content/sync.js:245:13
TimedPromise@chrome://marionette/content/sync.js:230:10
interaction.flushEventLoop@chrome://marionette/content/interaction.js:416:10
webdriverClickElement@chrome://marionette/content/interaction.js:182:31
JavaScript error: https://tpc.googlesyndication.com/pagead/js/r20201008/r20110914/client/qs_click_protection_fy2019.js, line 14: NS_ERROR_NOT_INITIALIZED: 
1602553075535	Marionette	INFO	Stopped listening on port 54239

###!!! [Child][RunMessage] Error: Channel closing: too late to send/recv, messages will be lost


###!!! [Child][MessageChannel::SendAndWait] Error: Channel error: cannot send/recv

1602553460454	geckodriver	INFO	Listening on 127.0.0.1:54752
1602553464011	mozrunner::runner	INFO	Running command: "C:\\Program Files\\Mozilla Firefox\\firefox.exe" "--marionette" "-foreground" "-no-remote" "-profile" "C:\\WINDOWS\\TEMP\\rust_mozprofileEfrUKS"
JavaScript error: resource://gre/modules/XULStore.jsm, line 66: Error: Can't find profile directory.
console.error: SearchCache: "_readCacheFile: Error reading cache file:" (new Error("", "(unknown module)"))
console.error: "Could not write session state file " (new Error("_initWorker called too early! Please read the session file from disk first.", "resource:///modules/sessionstore/SessionFile.jsm", 375)) "_initWorker/<@resource:///modules/sessionstore/SessionFile.jsm:375:15\n_initWorker@resource:///modules/sessionstore/SessionFile.jsm:368:12\n_postToWorker@resource:///modules/sessionstore/SessionFile.jsm:410:16\nwrite@resource:///modules/sessionstore/SessionFile.jsm:448:24\nwrite@resource:///modules/sessionstore/SessionFile.jsm:75:32\n_writeState@resource:///modules/sessionstore/SessionSaver.jsm:360:24\n_saveState@resource:///modules/sessionstore/SessionSaver.jsm:294:17\n_saveStateAsync@resource:///modules/sessionstore/SessionSaver.jsm:344:10\nsaveStateAsyncWhenIdle@resource:///modules/sessionstore/SessionSaver.jsm:191:14\ncallback@resource://gre/modules/Timer.jsm:127:16\n"
1602553485444	Marionette	INFO	Listening on port 54764
1602553485844	Marionette	WARN	TLS certificate errors will be ignored for this session
Can't find symbol 'eglSwapBuffersWithDamageEXT'.
JavaScript error: https://tpc.googlesyndication.com/pagead/js/r20201008/r20110914/client/qs_click_protection_fy2019.js, line 14: NS_ERROR_NOT_INITIALIZED: 
1602553556443	Marionette	INFO	Stopped listening on port 54764
JavaScript error: https://cdn.doubleverify.com/dv-measurements361.js, line 72: TypeError: h.c.K() is undefined
JavaScript error: https://s0.2mdn.net/879366/express_html_inpage_rendering_lib_200_270.js, line 60: NS_ERROR_NOT_INITIALIZED: 

###!!! [Child][RunMessage] Error: Channel closing: too late to send/recv, messages will be lost


###!!! [Child][RunMessage] Error: Channel closing: too late to send/recv, messages will be lost


###!!! [Child][RunMessage] Error: Channel closing: too late to send/recv, messages will be lost


###!!! [Child][RunMessage] Error: Channel closing: too late to send/recv, messages will be lost


###!!! [Child][RunMessage] Error: Channel closing: too late to send/recv, messages will be lost


###!!! [Child][RunMessage] Error: Channel closing: too late to send/recv, messages will be lost


###!!! [Child][RunMessage] Error: Channel closing: too late to send/recv, messages will be lost


###!!! [Child][RunMessage] Error: Channel closing: too late to send/recv, messages will be lost


###!!! [Child][RunMessage] Error: Channel closing: too late to send/recv, messages will be lost


###!!! [Child][RunMessage] Error: Channel closing: too late to send/recv, messages will be lost


###!!! [Child][RunMessage] Error: Channel closing: too late to send/recv, messages will be lost


###!!! [Child][RunMessage] Error: Channel closing: too late to send/recv, messages will be lost


###!!! [Child][RunMessage] Error: Channel closing: too late to send/recv, messages will be lost


###!!! [Child][RunMessage] Error: Channel closing: too late to send/recv, messages will be lost

1602553702198	geckodriver	INFO	Listening on 127.0.0.1:55297
1602553706952	mozrunner::runner	INFO	Running command: "C:\\Program Files\\Mozilla Firefox\\firefox.exe" "--marionette" "-foreground" "-no-remote" "-profile" "C:\\WINDOWS\\TEMP\\rust_mozprofilemMmlrX"
JavaScript error: resource://gre/modules/XULStore.jsm, line 66: Error: Can't find profile directory.
console.error: SearchCache: "_readCacheFile: Error reading cache file:" (new Error("", "(unknown module)"))
1602553745327	Marionette	INFO	Listening on port 55309
1602553745723	Marionette	WARN	TLS certificate errors will be ignored for this session
Can't find symbol 'eglSwapBuffersWithDamageEXT'.
1602554006030	Marionette	WARN	TimedPromise timed out after 500 ms: stacktrace:
TimedPromise/<@chrome://marionette/content/sync.js:245:13
TimedPromise@chrome://marionette/content/sync.js:230:10
interaction.flushEventLoop@chrome://marionette/content/interaction.js:416:10
webdriverClickElement@chrome://marionette/content/interaction.js:182:31
JavaScript error: https://static.zdassets.com/web_widget/latest/preload.48065b114d8b46220d05.js, line 1: Error: Loading chunk lazy/framework-boot failed.
(error: https://static.zdassets.com/web_widget/latest/lazy/framework-boot.9a7edd6666675c3f905c.chunk.js)
JavaScript error: https://tpc.googlesyndication.com/pagead/js/r20201008/r20110914/client/qs_click_protection_fy2019.js, line 14: NS_ERROR_NOT_INITIALIZED: 
1602554023591	Marionette	INFO	Stopped listening on port 55309

###!!! [Parent][MessageChannel] Error: (msgtype=0x59000F,name=PHttpBackgroundChannel::Msg___delete__) Channel error: cannot send/recv


###!!! [Parent][MessageChannel] Error: (msgtype=0x59000F,name=PHttpBackgroundChannel::Msg___delete__) Channel error: cannot send/recv


###!!! [Parent][MessageChannel] Error: (msgtype=0x59000F,name=PHttpBackgroundChannel::Msg___delete__) Channel error: cannot send/recv


###!!! [Parent][MessageChannel] Error: (msgtype=0x59000F,name=PHttpBackgroundChannel::Msg___delete__) Channel error: cannot send/recv


###!!! [Parent][MessageChannel] Error: (msgtype=0x59000F,name=PHttpBackgroundChannel::Msg___delete__) Channel error: cannot send/recv


###!!! [Parent][MessageChannel] Error: (msgtype=0x59000F,name=PHttpBackgroundChannel::Msg___delete__) Channel error: cannot send/recv


###!!! [Parent][MessageChannel] Error: (msgtype=0x59000F,name=PHttpBackgroundChannel::Msg___delete__) Channel error: cannot send/recv


###!!! [Parent][MessageChannel] Error: (msgtype=0x59000F,name=PHttpBackgroundChannel::Msg___delete__) Channel error: cannot send/recv


###!!! [Parent][MessageChannel] Error: (msgtype=0x59000F,name=PHttpBackgroundChannel::Msg___delete__) Channel error: cannot send/recv


###!!! [Parent][MessageChannel] Error: (msgtype=0x59000F,name=PHttpBackgroundChannel::Msg___delete__) Channel error: cannot send/recv


###!!! [Parent][MessageChannel] Error: (msgtype=0x59000F,name=PHttpBackgroundChannel::Msg___delete__) Channel error: cannot send/recv


###!!! [Parent][MessageChannel] Error: (msgtype=0x59000F,name=PHttpBackgroundChannel::Msg___delete__) Channel error: cannot send/recv


###!!! [Parent][MessageChannel] Error: (msgtype=0x59000F,name=PHttpBackgroundChannel::Msg___delete__) Channel error: cannot send/recv


###!!! [Parent][MessageChannel] Error: (msgtype=0x59000F,name=PHttpBackgroundChannel::Msg___delete__) Channel error: cannot send/recv


###!!! [Parent][MessageChannel] Error: (msgtype=0x59000F,name=PHttpBackgroundChannel::Msg___delete__) Channel error: cannot send/recv


###!!! [Parent][MessageChannel] Error: (msgtype=0x59000F,name=PHttpBackgroundChannel::Msg___delete__) Channel error: cannot send/recv


###!!! [Parent][MessageChannel] Error: (msgtype=0x59000F,name=PHttpBackgroundChannel::Msg___delete__) Channel error: cannot send/recv


###!!! [Parent][MessageChannel] Error: (msgtype=0x59000F,name=PHttpBackgroundChannel::Msg___delete__) Channel error: cannot send/recv


###!!! [Parent][MessageChannel] Error: (msgtype=0x59000F,name=PHttpBackgroundChannel::Msg___delete__) Channel error: cannot send/recv


###!!! [Parent][MessageChannel] Error: (msgtype=0x59000F,name=PHttpBackgroundChannel::Msg___delete__) Channel error: cannot send/recv


###!!! [Parent][MessageChannel] Error: (msgtype=0x59000F,name=PHttpBackgroundChannel::Msg___delete__) Channel error: cannot send/recv


###!!! [Parent][MessageChannel] Error: (msgtype=0x59000F,name=PHttpBackgroundChannel::Msg___delete__) Channel error: cannot send/recv


###!!! [Parent][MessageChannel] Error: (msgtype=0x59000F,name=PHttpBackgroundChannel::Msg___delete__) Channel error: cannot send/recv


###!!! [Parent][MessageChannel] Error: (msgtype=0x59000F,name=PHttpBackgroundChannel::Msg___delete__) Channel error: cannot send/recv


###!!! [Parent][MessageChannel] Error: (msgtype=0x59000F,name=PHttpBackgroundChannel::Msg___delete__) Channel error: cannot send/recv


###!!! [Parent][MessageChannel] Error: (msgtype=0x59000F,name=PHttpBackgroundChannel::Msg___delete__) Channel error: cannot send/recv


###!!! [Parent][MessageChannel] Error: (msgtype=0x59000F,name=PHttpBackgroundChannel::Msg___delete__) Channel error: cannot send/recv


###!!! [Parent][MessageChannel] Error: (msgtype=0x59000F,name=PHttpBackgroundChannel::Msg___delete__) Channel error: cannot send/recv


###!!! [Parent][MessageChannel] Error: (msgtype=0x59000F,name=PHttpBackgroundChannel::Msg___delete__) Channel error: cannot send/recv


###!!! [Parent][MessageChannel] Error: (msgtype=0x59000F,name=PHttpBackgroundChannel::Msg___delete__) Channel error: cannot send/recv


###!!! [Parent][MessageChannel] Error: (msgtype=0x59000F,name=PHttpBackgroundChannel::Msg___delete__) Channel error: cannot send/recv


###!!! [Parent][MessageChannel] Error: (msgtype=0x59000F,name=PHttpBackgroundChannel::Msg___delete__) Channel error: cannot send/recv


###!!! [Parent][MessageChannel] Error: (msgtype=0x59000F,name=PHttpBackgroundChannel::Msg___delete__) Channel error: cannot send/recv


###!!! [Parent][MessageChannel] Error: (msgtype=0x59000F,name=PHttpBackgroundChannel::Msg___delete__) Channel error: cannot send/recv


###!!! [Parent][MessageChannel] Error: (msgtype=0x59000F,name=PHttpBackgroundChannel::Msg___delete__) Channel error: cannot send/recv


###!!! [Parent][MessageChannel] Error: (msgtype=0x59000F,name=PHttpBackgroundChannel::Msg___delete__) Channel error: cannot send/recv


###!!! [Parent][MessageChannel] Error: (msgtype=0x59000F,name=PHttpBackgroundChannel::Msg___delete__) Channel error: cannot send/recv


###!!! [Parent][MessageChannel] Error: (msgtype=0x59000F,name=PHttpBackgroundChannel::Msg___delete__) Channel error: cannot send/recv


###!!! [Parent][MessageChannel] Error: (msgtype=0x59000F,name=PHttpBackgroundChannel::Msg___delete__) Channel error: cannot send/recv


###!!! [Parent][MessageChannel] Error: (msgtype=0x59000F,name=PHttpBackgroundChannel::Msg___delete__) Channel error: cannot send/recv


###!!! [Parent][MessageChannel] Error: (msgtype=0x59000F,name=PHttpBackgroundChannel::Msg___delete__) Channel error: cannot send/recv


###!!! [Child][RunMessage] Error: Channel closing: too late to send/recv, messages will be lost

1602632479877	geckodriver	INFO	Listening on 127.0.0.1:54127
1602632483204	mozrunner::runner	INFO	Running command: "C:\\Program Files\\Mozilla Firefox\\firefox.exe" "--marionette" "-foreground" "-no-remote" "-profile" "C:\\WINDOWS\\TEMP\\rust_mozprofiledUl8lT"
console.error: SearchCache: "_readCacheFile: Error reading cache file:" (new Error("", "(unknown module)"))
JavaScript error: resource://gre/modules/XULStore.jsm, line 66: Error: Can't find profile directory.
[Parent 20608, Gecko_IOThread] WARNING: file /builds/worker/checkouts/gecko/ipc/chromium/src/base/process_util_win.cc, line 166
console.error: "Could not write session state file " (new Error("_initWorker called too early! Please read the session file from disk first.", "resource:///modules/sessionstore/SessionFile.jsm", 375)) "_initWorker/<@resource:///modules/sessionstore/SessionFile.jsm:375:15\n_initWorker@resource:///modules/sessionstore/SessionFile.jsm:368:12\n_postToWorker@resource:///modules/sessionstore/SessionFile.jsm:410:16\nwrite@resource:///modules/sessionstore/SessionFile.jsm:448:24\nwrite@resource:///modules/sessionstore/SessionFile.jsm:75:32\n_writeState@resource:///modules/sessionstore/SessionSaver.jsm:360:24\n_saveState@resource:///modules/sessionstore/SessionSaver.jsm:294:17\n_saveStateAsync@resource:///modules/sessionstore/SessionSaver.jsm:344:10\nsaveStateAsyncWhenIdle@resource:///modules/sessionstore/SessionSaver.jsm:191:14\ncallback@resource://gre/modules/Timer.jsm:127:16\n"
1602632516640	Marionette	INFO	Listening on port 54137
1602632516866	Marionette	WARN	TLS certificate errors will be ignored for this session
Can't find symbol 'eglSwapBuffersWithDamageEXT'.
JavaScript error: , line 0: uncaught exception: undefined
JavaScript error: https://www.investopedia.com/top-materials-stocks-4582152, line 11: SecurityError: Permission denied to access property "document" on cross-origin object
JavaScript error: https://www.investopedia.com/top-materials-stocks-4582152, line 11: SecurityError: Permission denied to access property "document" on cross-origin object
1602632568314	Marionette	INFO	Stopped listening on port 54137
JavaScript error: https://cdn.doubleverify.com/dv-measurements361.js, line 72: TypeError: h.c.K() is undefined
JavaScript error: https://tpc.googlesyndication.com/sodar/Enqz_20U.html, line 35: NS_ERROR_NOT_INITIALIZED: 
JavaScript error: https://tpc.googlesyndication.com/sodar/Enqz_20U.html, line 35: NS_ERROR_NOT_INITIALIZED: 
JavaScript error: https://tpc.googlesyndication.com/sodar/Enqz_20U.html, line 35: NS_ERROR_NOT_INITIALIZED: 
JavaScript error: https://tpc.googlesyndication.com/sodar/Enqz_20U.html, line 35: NS_ERROR_NOT_INITIALIZED: 
console.error: (new Error("SessionFile is closed", "resource:///modules/sessionstore/SessionFile.jsm", 433))

###!!! [Child][RunMessage] Error: Channel closing: too late to send/recv, messages will be lost

